2025-05-07 00:54:40,854 - fsspec.local - DEBUG - open file: /groups/icecube/jackp/genie_test_outputs/output_gheps/gntp_icecube_numu_100.gtac.root
2025-05-07 00:54:40,874 - fsspec.local - DEBUG - open file: /groups/icecube/jackp/genie_test_outputs/output_gheps/gntp_icecube_numu_100.gtac.root
2025-05-07 00:54:41,050 - fsspec.local - DEBUG - open file: /groups/icecube/jackp/genie_test_outputs/output_gheps/gntp_icecube_numu_100.gtac.root
2025-05-07 00:54:41,053 - fsspec.local - DEBUG - open file: /groups/icecube/jackp/genie_test_outputs/output_gheps/gntp_icecube_numu_100.gtac.root
2025-05-07 00:54:41,068 - asyncio - DEBUG - Using selector: EpollSelector
2025-05-07 00:54:41,069 - fsspec.local - DEBUG - open file: /groups/icecube/jackp/genie_test_outputs/output_gheps/gntp_icecube_numu_100.gtac.root
2025-05-07 00:54:41,078 - fsspec.local - DEBUG - open file: /groups/icecube/jackp/genie_test_outputs/output_gheps/gntp_icecube_numu_100.gtac.root
2025-05-07 00:54:41,079 - fsspec.local - DEBUG - open file: /groups/icecube/jackp/genie_test_outputs/output_gheps/gntp_icecube_numu_100.gtac.root
2025-05-07 00:54:41,079 - fsspec.local - DEBUG - open file: /groups/icecube/jackp/genie_test_outputs/output_gheps/gntp_icecube_numu_100.gtac.root
2025-05-07 00:54:41,080 - fsspec.local - DEBUG - open file: /groups/icecube/jackp/genie_test_outputs/output_gheps/gntp_icecube_numu_100.gtac.root
2025-05-07 00:54:41,081 - fsspec.local - DEBUG - open file: /groups/icecube/jackp/genie_test_outputs/output_gheps/gntp_icecube_numu_100.gtac.root
2025-05-07 00:54:41,082 - fsspec.local - DEBUG - open file: /groups/icecube/jackp/genie_test_outputs/output_gheps/gntp_icecube_numu_100.gtac.root
2025-05-07 00:54:41,083 - fsspec.local - DEBUG - open file: /groups/icecube/jackp/genie_test_outputs/output_gheps/gntp_icecube_numu_100.gtac.root
2025-05-07 00:54:41,084 - fsspec.local - DEBUG - open file: /groups/icecube/jackp/genie_test_outputs/output_gheps/gntp_icecube_numu_100.gtac.root
2025-05-07 00:54:41,084 - fsspec.local - DEBUG - open file: /groups/icecube/jackp/genie_test_outputs/output_gheps/gntp_icecube_numu_100.gtac.root
2025-05-07 00:54:41,086 - fsspec.local - DEBUG - open file: /groups/icecube/jackp/genie_test_outputs/output_gheps/gntp_icecube_numu_100.gtac.root
2025-05-07 00:54:41,086 - fsspec.local - DEBUG - open file: /groups/icecube/jackp/genie_test_outputs/output_gheps/gntp_icecube_numu_100.gtac.root
/lustre/hpc/icecube/jackp/prometheus_genie_cleaned/harvard-prometheus/genie_examples/genie_parser_injection.py:20: RuntimeWarning: invalid value encountered in scalar divide
  angle = np.arccos(np.clip(np.dot(v1, v2) / (np.linalg.norm(v1) * np.linalg.norm(v2)), -1, 1))
Traceback (most recent call last):
  File "/lustre/hpc/icecube/jackp/prometheus_genie_cleaned/harvard-prometheus/genie_examples/super_simple_genie_injetion.py", line 120, in <module>
    main()
  File "/lustre/hpc/icecube/jackp/prometheus_genie_cleaned/harvard-prometheus/genie_examples/super_simple_genie_injetion.py", line 104, in main
    p.sim()
  File "/lustre/hpc/icecube/jackp/prometheus_genie_cleaned/harvard-prometheus/genie_examples/../prometheus/prometheus.py", line 294, in sim
    self.propagate()
  File "/lustre/hpc/icecube/jackp/prometheus_genie_cleaned/harvard-prometheus/genie_examples/../prometheus/prometheus.py", line 256, in propagate
    raise PpcTmpdirExistsError(
prometheus.prometheus.PpcTmpdirExistsError: ./ppc_tmpdir22 exists. Please remove it or specify force in the config
