Starting the benchmark job...
Sourcing conda.sh...
Activating conda environment...
Sourcing setup script...
Running benchmark script...


*****************************************************************************************************************
*                                                                                                               *
*                                                   .oooooo.    oooooooooooo ooooo      ooo ooooo oooooooooooo  *
*                                                  d8P'  `Y8b   `888'     `8 `888b.     `8' `888' `888'     `8  *
*                                                 888            888          8 `88b.    8   888   888          * 
*                        Ndyooym          dN      888            888oooo8     8   `88b.  8   888   888oooo8     *
*                     Nds//+sdmoy       d+m       888     ooooo  888    "     8     `88b.8   888   888    "     * 
*                   Nh+//ohN  m+s      N//syyN    `88.    .88'   888       o  8       `888   888   888       o  *
*                 Ny+//od   Nh+oN       o///+      `Y8bood8P'   o888ooooood8 o8o        `8  o888o o888ooooood8  *
*               Nh+//om   Nh+/yN       o///s                                                                    *
*              d+//+d   my+/smmyhN    m///h                                      NEUTRINO MONTE CARLO GENERATOR *   
*            Ns///yN NdyoshNNs///d   h////yN                                                                    *
*           mo//om        ms///+m   d///////oyhmN                                               Version 3.04.02 *
*          N+//yN       ms////+N    h////////////oym                                                            *
*          s//h       ho/+///sN     N///////////////od                                  http://www.genie-mc.org *
*         N+/h     my++yh+//y       s/////////////////oN                                                        *
*         Ns/m Nmy++ymNh//+d        s//////////////////+m                                                       *
*          NhssoshN  Ny//sN         m///////////////////+                                                       *
*                  Nmo/+ohdmN        mo//////////////////h            NmmN                                      *
*              ms/+s//o/-----:+sdN     mhso+ooys/////////o      mhs+/------/ohN                                 *
*    Nhd     N+-/o+/o+------------/shN     Ndy+//////////+ mhs+:---------------om                               *
*  mo/sN    m:/oo/oo:-----------------:://////////////////-----------------------y                              *
*  y//d    Noo++o+:----------:------------:://///////////:-------:/+osyso/:-------h                             *
*  Nyo+syysooo+/--------------::--------------:://///////:----::////+ossyso/------:                             *
*     NNNNNs--------------------:/::-------------:://///:-:://////////oosyo+:------                             *
*          y---------------------:////:::-----------:////////////////+o++++/:-----/                             *
*          m-----------------------://////////////////////////////+so/--:---------y                             *
*           +------------------------://////////////////////////+yy:---+oh/--:y+-/N                             *
*           N/-------------------------://////////////////////ohy/-------yy--os-/m                              *
*            No--------------------------://///////////////+shs/---------/d++/-oN                               *
*              mo--------------------------:////////////+shyo:------------sy/sm                                 *
*                Ny+:------------------------::://///oyhyo:--------------/sd                                    *
*                    mhso+/:------------------:/+oyhyo/----------:/+syhm                                        *
*                           NmddhyyyssssyyyhdmmNNNmhhhyyyyhhddmN                                                *
*                                                                                                               *
*                                                             Copyright (c) 2003-2023, The GENIE Collaboration  *
*                                                                                                               *
*                                                                                                               *
* Luis Alvarez-Ruso [6], Costas Andreopoulos [9], Adi Ashkenazi [13], Joshua Barrow (10,13), Steve Dytman [12], * 
*      Hugh Gallagher [14], Alfonso Andres Garcia Soto [5,6], Steven Gardiner [4], Matan Goldenberg [13],       * 
*  Robert Hatcher [4], Or Hen [10], Igor Kakorin [8], Konstantin Kuzmin [7,8], Weijun Li [11], Xianguo Lu [15], *
*          Anselmo Meregaglia [2], Vadim Naumov [8], Afroditi Papadopoulou [1], Gabriel Perdue [3],             *
*   Komninos-John Plows [11], Marco Roda [9], Alon Sportes [13], Noah Steinberg [4], Vladyslav Syrotenko [14],  *
*                         Júlia Tena Vidal [13], Jeremy Wolcott [14], and Qiyu Yan [3,15]                       *
*                                                                                                               *
*                                            (The GENIE Collaboration)                                          *
*                                                                                                               *
*                                      [1] Argonne National Laboratory (ANL)                                    *
*                                 [2] CENBG, Université de Bordeaux, CNRS/IN2P3                                 *
*                             [3] University of the Chinese Academy of Sciences (UCAS)                          *
*                                 [4] Fermi National Accelerator Laboratory (FNAL)                              *
*                                      [5] Harvard University, Dept. of Physics                                 *   
*                                     [6] Instituto de Física Corpuscular (IFIC)                                *
*      [7] Alikhanov Institute for Theoretical and Experimental Physics (ITEP) of NRC "Kurchatov Institute"     *
*                                  [8] Joint Institute for Nuclear Research (JINR)                              *
*                                   [9] University of Liverpool, Dept. of Physics                               *
*                         [10] Massachusetts Institute of Technology (MIT), Dept. of Physics                    *
*                                    [11] University of Oxford, Dept. of Physics                                *
*                            [12] University of Pittsburgh, Dept. of Physics and Astronomy                      *
*                              [13] Tel Aviv University, School of Physics and Astronomy                        *
*                                [14] Tufts University, Dept. of Physics and Astronomy                          *
*                                     [15] Warwick University, Dept. of Physics                                 *
*                                                                                                               *
*  Corresponding Author:                                                                                        *
*  -                                                                                                            *
*  Professor Costas Andreopoulos                                                                                *
*  University of Liverpool, Department of Physics                                                               *
*  Oliver Lodge Lab 316, Liverpool L69 7ZE, UK                                                                  *
*  E-Mail: c.andreopoulos \at cern.ch                                                                           *
*  Tel: +44-(0)1517-943201                                                                                      *
*****************************************************************************************************************


1746571688 NOTICE Messenger : [s] <SetPrioritiesFromXmlFile (136)> : Reading msg stream priorities from XML file: /groups/icecube/jackp/genie-3.4.2/config/Messenger.xml
1746571688 INFO TuneId : [n] <TuneId.cxx::Build (132)> : G18_02a_00_000 Tune configured 
--------------------------------------------------------------
--------------------------------------------------------------
Launching simulation
Using simset: 8
cmd:  ['/groups/icecube/jackp/genie-3.4.2/bin/gevgen', '-n', '5', '-p', '14', '-t', '1000080160[0.888],1000010010[0.112]', '-e', '1,100', '-f', 'x^-2', '--seed', '12345', '--cross-sections', '/groups/icecube/jackp/genie-3.4.2/ice_numu_cross_sections.xml', '--event-generator-list', 'Default', '--event-record-print-level', '3', '-o', '/lustre/hpc/icecube/jackp/prometheus_genie_cleaned/harvard-prometheus/genie_examples/../genie_examples/output/gntp_icecube_5_events.ghep.root', '--debug-flags', 'PhysModels,EventGen,NucleonDecay', '--tune', 'G18_02a_00_000']
File processing and conversion completed in 3.04 seconds
Event 0, Particle 0:
  Original: theta=0.5218, phi=0.3064
  Rotated: theta=0.9799, phi=2.0886
  Changed: True
Event 0, Particle 1:
  Original: theta=0.0971, phi=0.0636
  Rotated: theta=1.1971, phi=2.5071
  Changed: True

After assignment:
  First theta original: 1.0907
  First theta in DataFrame: 0.9799
  Changed in DataFrame: True
Event 1, Particle 0:
  Original: theta=0.0321, phi=1.0775
  Rotated: theta=2.2904, phi=0.0613
  Changed: True
Event 1, Particle 1:
  Original: theta=0.0527, phi=1.8777
  Rotated: theta=2.2591, phi=0.0897
  Changed: True
Processing 5 events
Serialization and saving completed in 0.01 seconds
using injector {'name': 'GENIE', 'GENIE': {'inject': False, 'paths': {'injection file': None}}}
photon prop:  PPCUPGRADE
position: [-267.08211267   45.32759757 -379.89972285]
detector offset [    5.87082946    -2.51860853 -1971.9757655 ]
relative_position,  [ -261.21128322    42.80898905 -2351.87548836]
position: [-370.65465598  -95.06524907 -340.32047212]
detector offset [    5.87082946    -2.51860853 -1971.9757655 ]
relative_position,  [ -364.78382652   -97.5838576  -2312.29623762]
position: [ 315.99437326 -305.84156973 -465.27164404]
detector offset [    5.87082946    -2.51860853 -1971.9757655 ]
relative_position,  [  321.86520271  -308.36017826 -2437.24740955]
position: [   5.09030051 -181.80243829  122.40361327]
detector offset [    5.87082946    -2.51860853 -1971.9757655 ]
relative_position,  [   10.96112997  -184.32104682 -1849.57215224]
position: [-246.26562089  127.69900525 -171.30507438]
detector offset [    5.87082946    -2.51860853 -1971.9757655 ]
relative_position,  [ -240.39479143   125.18039672 -2143.28083988]
Using primary file: /lustre/hpc/icecube/jackp/prometheus_genie_cleaned/harvard-prometheus/genie_examples/../genie_examples/output/genie_events_primary_new_test_simset_8.parquet
Using prometheus file: /lustre/hpc/icecube/jackp/prometheus_genie_cleaned/harvard-prometheus/genie_examples/../genie_examples/output/genie_events_prometheus_new_test_simset_8.parquet
Handling photon 22
Photon deposited 0.00 GeV at position [ -261.21128322    42.80898905 -2351.87548836]
returning hadron 2212
returning hadron 2000000101
returning hadron 2112
Handling charged pion/kaon 211
returning hadron 2112
Handling charged pion/kaon 211
returning hadron 2212
Handling charged pion/kaon -211
Handling charged pion/kaon 211
Handling charged pion/kaon 211
Handling charged pion/kaon -211
returning hadron 2112
Handling photon 22
Photon deposited 0.00 GeV at position [ -240.39479143   125.18039672 -2143.28083988]
returning hadron 2212
Handling charged pion/kaon 211
Prometheus simulation completed in 8.00 seconds
Total execution time: 11.05 seconds (0.18 minutes)
Finished without catastrophic error
I am melting.... AHHHHHH!!!!
Finished call
--------------------------------------------------------------
--------------------------------------------------------------
Benchmark job completed successfully!
