Starting the benchmark job...
Sourcing conda.sh...
Activating conda environment...
Sourcing setup script...
Running benchmark script...
--------------------------------------------------------------
--------------------------------------------------------------
Launching simulation
Using simset: 22
Using root file: /groups/icecube/jackp/genie_test_outputs/output_gheps/gntp_icecube_numu_100.gtac.root
File processing and conversion completed in 0.30 seconds
Event 0, Particle 0:
  Original: theta=1.6347, phi=3.0832
  Rotated: theta=1.8030, phi=2.8877
  Changed: True
Event 0, Particle 1:
  Original: theta=0.0760, phi=0.2222
  Rotated: theta=1.1304, phi=-1.7811
  Changed: True

After assignment:
  First theta original: 0.0491
  First theta in DataFrame: 1.8030
  Changed in DataFrame: True
Event 1, Particle 0:
  Original: theta=1.5713, phi=2.4640
  Rotated: theta=1.6281, phi=2.5533
  Changed: True
Event 1, Particle 1:
  Original: theta=0.1273, phi=0.9933
  Rotated: theta=2.1177, phi=0.9618
  Changed: True
Processing 100 events
Serialization and saving completed in 0.09 seconds
using injector {'name': 'GENIE', 'GENIE': {'inject': False, 'paths': {'injection file': None}}}
photon prop:  PPCUPGRADE
position: [ -59.88999911 -370.3269223  -100.12275511]
detector offset [    5.87082946    -2.51860853 -1971.9757655 ]
relative_position,  [  -54.01916965  -372.84553083 -2072.09852061]
position: [-96.65671953 -51.37727614 494.58942977]
detector offset [    5.87082946    -2.51860853 -1971.9757655 ]
relative_position,  [  -90.78589008   -53.89588466 -1477.38633573]
position: [-372.2080653  -172.53656724  201.83744874]
detector offset [    5.87082946    -2.51860853 -1971.9757655 ]
relative_position,  [ -366.33723584  -175.05517577 -1770.13831677]
position: [ 81.23670359 274.93704657 267.22699713]
detector offset [    5.87082946    -2.51860853 -1971.9757655 ]
relative_position,  [   87.10753305   272.41843805 -1704.74876837]
position: [ 112.34274282 -466.34780704  369.08719798]
detector offset [    5.87082946    -2.51860853 -1971.9757655 ]
relative_position,  [  118.21357228  -468.86641557 -1602.88856752]
position: [-64.06176399 463.32526494 491.87356339]
detector offset [    5.87082946    -2.51860853 -1971.9757655 ]
relative_position,  [  -58.19093453   460.80665641 -1480.10220212]
position: [381.76070794  92.49117459 220.08306265]
detector offset [    5.87082946    -2.51860853 -1971.9757655 ]
relative_position,  [  387.63153739    89.97256606 -1751.89270285]
position: [231.258339   195.5644327  434.97101412]
detector offset [    5.87082946    -2.51860853 -1971.9757655 ]
relative_position,  [  237.12916846   193.04582417 -1537.00475138]
position: [-246.46968961  -37.48246005  368.33450247]
detector offset [    5.87082946    -2.51860853 -1971.9757655 ]
relative_position,  [ -240.59886015   -40.00106858 -1603.64126304]
position: [376.20028643 102.15649796 177.96808585]
detector offset [    5.87082946    -2.51860853 -1971.9757655 ]
relative_position,  [  382.07111589    99.63788943 -1794.00767966]
position: [-465.41146921  122.31343599  347.72674295]
detector offset [    5.87082946    -2.51860853 -1971.9757655 ]
relative_position,  [ -459.54063975   119.79482746 -1624.24902256]
position: [ 184.36139131 -385.0777696   158.36350904]
detector offset [    5.87082946    -2.51860853 -1971.9757655 ]
relative_position,  [  190.23222077  -387.59637813 -1813.61225646]
position: [ -16.46431521  371.26736535 -125.52826334]
detector offset [    5.87082946    -2.51860853 -1971.9757655 ]
relative_position,  [  -10.59348576   368.74875682 -2097.50402884]
position: [  53.25558566 -395.87630709  351.54221523]
detector offset [    5.87082946    -2.51860853 -1971.9757655 ]
relative_position,  [   59.12641512  -398.39491562 -1620.43355028]
position: [-391.25814017 -274.69713325  227.71963075]
detector offset [    5.87082946    -2.51860853 -1971.9757655 ]
relative_position,  [ -385.38731072  -277.21574178 -1744.25613475]
position: [ 65.13277264 -99.79253295  -8.5351922 ]
detector offset [    5.87082946    -2.51860853 -1971.9757655 ]
relative_position,  [   71.0036021   -102.31114148 -1980.5109577 ]
position: [-128.49221134  242.72277609  346.03119239]
detector offset [    5.87082946    -2.51860853 -1971.9757655 ]
relative_position,  [ -122.62138189   240.20416757 -1625.94457311]
position: [  87.62528486 -139.85785223 -423.28585938]
detector offset [    5.87082946    -2.51860853 -1971.9757655 ]
relative_position,  [   93.49611432  -142.37646076 -2395.26162489]
position: [-312.74423858  241.32145314  321.21461436]
detector offset [    5.87082946    -2.51860853 -1971.9757655 ]
relative_position,  [ -306.87340912   238.80284461 -1650.76115114]
position: [412.44545573 188.6074145   70.11176098]
detector offset [    5.87082946    -2.51860853 -1971.9757655 ]
relative_position,  [  418.31628519   186.08880598 -1901.86400452]
position: [  38.41225566  151.97360255 -345.06739148]
detector offset [    5.87082946    -2.51860853 -1971.9757655 ]
relative_position,  [   44.28308512   149.45499402 -2317.04315699]
position: [ 185.94083569 -208.95900368  -57.51379687]
detector offset [    5.87082946    -2.51860853 -1971.9757655 ]
relative_position,  [  191.81166515  -211.47761221 -2029.48956237]
position: [ 487.92662241   97.31339901 -477.14497677]
detector offset [    5.87082946    -2.51860853 -1971.9757655 ]
relative_position,  [  493.79745186    94.79479049 -2449.12074227]
position: [  79.47927495  388.1841055  -197.8539905 ]
detector offset [    5.87082946    -2.51860853 -1971.9757655 ]
relative_position,  [   85.3501044    385.66549697 -2169.829756  ]
position: [-327.53546324   77.01543643  -87.67012384]
detector offset [    5.87082946    -2.51860853 -1971.9757655 ]
relative_position,  [ -321.66463379    74.4968279  -2059.64588935]
position: [260.55282452 286.08729813 417.66190596]
detector offset [    5.87082946    -2.51860853 -1971.9757655 ]
relative_position,  [  266.42365398   283.5686896  -1554.31385954]
position: [-412.31253173  161.25987073 -195.56866209]
detector offset [    5.87082946    -2.51860853 -1971.9757655 ]
relative_position,  [ -406.44170227   158.7412622  -2167.54442759]
position: [286.68869591 401.36855619 -73.94729348]
detector offset [    5.87082946    -2.51860853 -1971.9757655 ]
relative_position,  [  292.55952537   398.84994766 -2045.92305899]
position: [-253.85627642 -342.92334919  370.18422069]
detector offset [    5.87082946    -2.51860853 -1971.9757655 ]
relative_position,  [ -247.98544697  -345.44195772 -1601.79154482]
position: [-335.75797595 -123.34878163 -376.81259795]
detector offset [    5.87082946    -2.51860853 -1971.9757655 ]
relative_position,  [ -329.88714649  -125.86739016 -2348.78836346]
position: [-308.33235786  257.53964136  350.65680107]
detector offset [    5.87082946    -2.51860853 -1971.9757655 ]
relative_position,  [ -302.4615284    255.02103284 -1621.31896443]
position: [ 146.82772021  -46.67522195 -200.33827012]
detector offset [    5.87082946    -2.51860853 -1971.9757655 ]
relative_position,  [  152.69854967   -49.19383047 -2172.31403563]
position: [426.98950604  61.39827866 430.71888698]
detector offset [    5.87082946    -2.51860853 -1971.9757655 ]
relative_position,  [  432.86033549    58.87967013 -1541.25687852]
position: [321.91465955 -56.87531845 401.13430251]
detector offset [    5.87082946    -2.51860853 -1971.9757655 ]
relative_position,  [  327.78548901   -59.39392698 -1570.84146299]
position: [-201.6851392   379.11165228  491.73385267]
detector offset [    5.87082946    -2.51860853 -1971.9757655 ]
relative_position,  [ -195.81430974   376.59304376 -1480.24191283]
position: [138.81160447 -33.5673939  125.72608389]
detector offset [    5.87082946    -2.51860853 -1971.9757655 ]
relative_position,  [  144.68243393   -36.08600242 -1846.24968161]
position: [ 244.57740417  222.74028608 -347.76886401]
detector offset [    5.87082946    -2.51860853 -1971.9757655 ]
relative_position,  [  250.44823363   220.22167755 -2319.74462951]
position: [391.85258414  -6.32671764 486.18430989]
detector offset [    5.87082946    -2.51860853 -1971.9757655 ]
relative_position,  [  397.72341359    -8.84532616 -1485.79145562]
position: [ 190.36715185 -350.90492365 -262.74289821]
detector offset [    5.87082946    -2.51860853 -1971.9757655 ]
relative_position,  [  196.23798131  -353.42353217 -2234.71866371]
position: [413.38174235  -7.53845938 137.39949227]
detector offset [    5.87082946    -2.51860853 -1971.9757655 ]
relative_position,  [  419.25257181   -10.05706791 -1834.57627323]
position: [ 318.56477873  340.86571213 -481.27213243]
detector offset [    5.87082946    -2.51860853 -1971.9757655 ]
relative_position,  [  324.43560819   338.3471036  -2453.24789794]
position: [423.8015633  175.14535735 282.37086748]
detector offset [    5.87082946    -2.51860853 -1971.9757655 ]
relative_position,  [  429.67239276   172.62674882 -1689.60489803]
position: [-14.41226147 315.82494623 122.19682776]
detector offset [    5.87082946    -2.51860853 -1971.9757655 ]
relative_position,  [   -8.54143201   313.30633771 -1849.77893774]
position: [ -70.2458436   484.20728657 -330.89066233]
detector offset [    5.87082946    -2.51860853 -1971.9757655 ]
relative_position,  [  -64.37501414   481.68867805 -2302.86642783]
position: [-216.84658473  419.76222104  368.89322303]
detector offset [    5.87082946    -2.51860853 -1971.9757655 ]
relative_position,  [ -210.97575527   417.24361251 -1603.08254248]
position: [-127.37052452   54.48104328 -393.01106846]
detector offset [    5.87082946    -2.51860853 -1971.9757655 ]
relative_position,  [ -121.49969506    51.96243476 -2364.98683396]
position: [ 134.51445191 -286.93429288  360.27623934]
detector offset [    5.87082946    -2.51860853 -1971.9757655 ]
relative_position,  [  140.38528136  -289.45290141 -1611.69952616]
position: [-96.35885533 438.50066905  66.28982132]
detector offset [    5.87082946    -2.51860853 -1971.9757655 ]
relative_position,  [  -90.48802587   435.98206052 -1905.68594418]
position: [-184.00584343 -383.72899527  -56.90390911]
detector offset [    5.87082946    -2.51860853 -1971.9757655 ]
relative_position,  [ -178.13501398  -386.2476038  -2028.87967461]
position: [ 356.48799382   31.37062622 -367.82287562]
detector offset [    5.87082946    -2.51860853 -1971.9757655 ]
relative_position,  [  362.35882327    28.8520177  -2339.79864112]
position: [ 268.64720922   71.2854838  -180.9077366 ]
detector offset [    5.87082946    -2.51860853 -1971.9757655 ]
relative_position,  [  274.51803867    68.76687527 -2152.88350211]
position: [  3.9028824  182.77394954 226.91190216]
detector offset [    5.87082946    -2.51860853 -1971.9757655 ]
relative_position,  [    9.77371185   180.25534101 -1745.06386335]
position: [ 219.97338382 -193.13261778  243.87545204]
detector offset [    5.87082946    -2.51860853 -1971.9757655 ]
relative_position,  [  225.84421328  -195.65122631 -1728.10031347]
position: [-200.3226063   -54.53370501   43.06306931]
detector offset [    5.87082946    -2.51860853 -1971.9757655 ]
relative_position,  [ -194.45177685   -57.05231353 -1928.91269619]
position: [130.69451656 344.42616829 401.091977  ]
detector offset [    5.87082946    -2.51860853 -1971.9757655 ]
relative_position,  [  136.56534602   341.90755976 -1570.8837885 ]
position: [-131.10423044 -415.84961667   55.21395121]
detector offset [    5.87082946    -2.51860853 -1971.9757655 ]
relative_position,  [ -125.23340098  -418.3682252  -1916.7618143 ]
position: [447.88774291  44.79047992 374.88200342]
detector offset [    5.87082946    -2.51860853 -1971.9757655 ]
relative_position,  [  453.75857237    42.2718714  -1597.09376208]
position: [ -13.60929136 -396.40117726  461.27641941]
detector offset [    5.87082946    -2.51860853 -1971.9757655 ]
relative_position,  [   -7.73846191  -398.91978578 -1510.69934609]
position: [ 221.41272736 -280.87222769   71.60143568]
detector offset [    5.87082946    -2.51860853 -1971.9757655 ]
relative_position,  [  227.28355682  -283.39083621 -1900.37432982]
position: [ 207.60204867 -134.86353838 -326.66487591]
detector offset [    5.87082946    -2.51860853 -1971.9757655 ]
relative_position,  [  213.47287813  -137.3821469  -2298.64064141]
position: [-296.95888698 -305.32611566  341.24140386]
detector offset [    5.87082946    -2.51860853 -1971.9757655 ]
relative_position,  [ -291.08805752  -307.84472419 -1630.73436164]
position: [ 481.46982914 -100.84911861  121.43612673]
detector offset [    5.87082946    -2.51860853 -1971.9757655 ]
relative_position,  [  487.3406586   -103.36772714 -1850.53963878]
position: [ 133.24530296 -254.02771644    3.76586404]
detector offset [    5.87082946    -2.51860853 -1971.9757655 ]
relative_position,  [  139.11613242  -256.54632497 -1968.20990146]
position: [396.1313203  154.74887756 339.04988075]
detector offset [    5.87082946    -2.51860853 -1971.9757655 ]
relative_position,  [  402.00214976   152.23026903 -1632.92588475]
position: [-348.26205066 -263.59804473  255.12830174]
detector offset [    5.87082946    -2.51860853 -1971.9757655 ]
relative_position,  [ -342.39122121  -266.11665325 -1716.84746376]
position: [-285.41306745   73.94992039 -191.49938609]
detector offset [    5.87082946    -2.51860853 -1971.9757655 ]
relative_position,  [ -279.54223799    71.43131186 -2163.47515159]
position: [ 207.16235741 -441.61915854 -317.10775911]
detector offset [    5.87082946    -2.51860853 -1971.9757655 ]
relative_position,  [  213.03318686  -444.13776707 -2289.08352462]
position: [ 438.14780592 -234.57206138 -222.87687902]
detector offset [    5.87082946    -2.51860853 -1971.9757655 ]
relative_position,  [  444.01863538  -237.09066991 -2194.85264452]
position: [  16.76449141 -280.79897889  245.01697175]
detector offset [    5.87082946    -2.51860853 -1971.9757655 ]
relative_position,  [   22.63532087  -283.31758741 -1726.95879375]
position: [ 114.09769017 -469.07888062  285.01621545]
detector offset [    5.87082946    -2.51860853 -1971.9757655 ]
relative_position,  [  119.96851963  -471.59748915 -1686.95955006]
position: [ -54.98079174 -452.92661895  284.63713848]
detector offset [    5.87082946    -2.51860853 -1971.9757655 ]
relative_position,  [  -49.10996228  -455.44522748 -1687.33862703]
position: [-319.47848052  129.03785608 -416.00289705]
detector offset [    5.87082946    -2.51860853 -1971.9757655 ]
relative_position,  [ -313.60765106   126.51924756 -2387.97866255]
position: [ 342.66751287 -282.99802147 -153.11278105]
detector offset [    5.87082946    -2.51860853 -1971.9757655 ]
relative_position,  [  348.53834233  -285.51663    -2125.08854655]
position: [ -27.23743612 -415.97678097 -210.75429736]
detector offset [    5.87082946    -2.51860853 -1971.9757655 ]
relative_position,  [  -21.36660667  -418.4953895  -2182.73006286]
position: [ 242.91255928  349.72623782 -373.57892981]
detector offset [    5.87082946    -2.51860853 -1971.9757655 ]
relative_position,  [  248.78338874   347.20762929 -2345.55469532]
position: [254.8458022  192.45223355 -83.86065444]
detector offset [    5.87082946    -2.51860853 -1971.9757655 ]
relative_position,  [  260.71663166   189.93362503 -2055.83641995]
position: [ 122.60376769   35.61978159 -239.8750251 ]
detector offset [    5.87082946    -2.51860853 -1971.9757655 ]
relative_position,  [  128.47459715    33.10117307 -2211.8507906 ]
position: [ -63.57436096 -259.07134958  -21.60957201]
detector offset [    5.87082946    -2.51860853 -1971.9757655 ]
relative_position,  [  -57.7035315   -261.58995811 -1993.58533751]
position: [  62.05400642  203.16507183 -303.25222597]
detector offset [    5.87082946    -2.51860853 -1971.9757655 ]
relative_position,  [   67.92483587   200.6464633  -2275.22799147]
position: [410.12895692 -31.80438268 386.46155494]
detector offset [    5.87082946    -2.51860853 -1971.9757655 ]
relative_position,  [  415.99978638   -34.32299121 -1585.51421056]
position: [  51.85768125 -253.64994906  -90.97683833]
detector offset [    5.87082946    -2.51860853 -1971.9757655 ]
relative_position,  [   57.72851071  -256.16855758 -2062.95260384]
position: [105.96180065 255.76385644 129.59518175]
detector offset [    5.87082946    -2.51860853 -1971.9757655 ]
relative_position,  [  111.8326301    253.24524791 -1842.38058376]
position: [-88.77999407 396.86031303 -44.25600813]
detector offset [    5.87082946    -2.51860853 -1971.9757655 ]
relative_position,  [  -82.90916461   394.3417045  -2016.23177363]
position: [-67.37082833 398.89715881 235.9504058 ]
detector offset [    5.87082946    -2.51860853 -1971.9757655 ]
relative_position,  [  -61.49999888   396.37855028 -1736.02535971]
position: [-262.7015493   378.86127768  -11.37698373]
detector offset [    5.87082946    -2.51860853 -1971.9757655 ]
relative_position,  [ -256.83071984   376.34266916 -1983.35274923]
position: [-253.67831646  292.71949442   86.00130855]
detector offset [    5.87082946    -2.51860853 -1971.9757655 ]
relative_position,  [ -247.80748701   290.20088589 -1885.97445695]
position: [-254.54614464  126.08711188 -459.83555018]
detector offset [    5.87082946    -2.51860853 -1971.9757655 ]
relative_position,  [ -248.67531518   123.56850335 -2431.81131568]
position: [-188.18367067 -338.09968519  437.90039773]
detector offset [    5.87082946    -2.51860853 -1971.9757655 ]
relative_position,  [ -182.31284121  -340.61829371 -1534.07536778]
position: [-76.49458754 370.75108493 471.22646402]
detector offset [    5.87082946    -2.51860853 -1971.9757655 ]
relative_position,  [  -70.62375808   368.2324764  -1500.74930148]
position: [-280.74445517   40.1314854  -115.75507152]
detector offset [    5.87082946    -2.51860853 -1971.9757655 ]
relative_position,  [ -274.87362571    37.61287687 -2087.73083703]
position: [ 359.38243923   64.89993119 -182.5958736 ]
detector offset [    5.87082946    -2.51860853 -1971.9757655 ]
relative_position,  [  365.25326869    62.38132267 -2154.5716391 ]
position: [ 83.87941089 -37.00037374  -5.50133441]
detector offset [    5.87082946    -2.51860853 -1971.9757655 ]
relative_position,  [   89.75024034   -39.51898227 -1977.47709992]
position: [  67.68771587 -422.80891313  326.8444818 ]
detector offset [    5.87082946    -2.51860853 -1971.9757655 ]
relative_position,  [   73.55854533  -425.32752166 -1645.1312837 ]
position: [175.90226242 335.82781822 135.45140155]
detector offset [    5.87082946    -2.51860853 -1971.9757655 ]
relative_position,  [  181.77309188   333.30920969 -1836.52436396]
position: [ -27.56273371 -242.44319919 -471.5456446 ]
detector offset [    5.87082946    -2.51860853 -1971.9757655 ]
relative_position,  [  -21.69190425  -244.96180771 -2443.5214101 ]
position: [ 172.82010799  322.32378192 -245.74800747]
detector offset [    5.87082946    -2.51860853 -1971.9757655 ]
relative_position,  [  178.69093745   319.80517339 -2217.72377297]
position: [  14.32389003 -116.54157042  178.7210367 ]
detector offset [    5.87082946    -2.51860853 -1971.9757655 ]
relative_position,  [   20.19471949  -119.06017895 -1793.2547288 ]
position: [-339.38750233  339.81352378 -145.30942543]
detector offset [    5.87082946    -2.51860853 -1971.9757655 ]
relative_position,  [ -333.51667287   337.29491525 -2117.28519093]
position: [ 21.03289026  35.32728598 469.25197933]
detector offset [    5.87082946    -2.51860853 -1971.9757655 ]
relative_position,  [   26.90371972    32.80867746 -1502.72378618]
position: [ 125.36313248 -244.86585494   -8.37693754]
detector offset [    5.87082946    -2.51860853 -1971.9757655 ]
relative_position,  [  131.23396194  -247.38446347 -1980.35270304]
Using primary file: /lustre/hpc/icecube/jackp/prometheus_genie_cleaned/harvard-prometheus/genie_examples/../examples/output/genie_events_primary_new_test.parquet
Using prometheus file: /lustre/hpc/icecube/jackp/prometheus_genie_cleaned/harvard-prometheus/genie_examples/../examples/output/genie_events_prometheus_new_test.parquet
I am melting.... AHHHHHH!!!!
Benchmark job completed successfully!
